<?xml version="1.0" encoding="UTF-8"?>
<!-- Generated by org.testng.reporters.JUnitXMLReporter -->
<testsuite ignored="3" hostname="DESKTOP-7UNT7J4" failures="1" tests="1" name="Default test(failed)" time="0.1" errors="0" timestamp="2022-07-06T18:10:43 IST">
  <testcase classname="testng.Failedtestcaseexecution" name="login" time="0.02">
    <failure type="junit.framework.AssertionFailedError" message="expected:&amp;lt;false&amp;gt; but was:&amp;lt;true&amp;gt;">
      <![CDATA[junit.framework.AssertionFailedError: expected:<false> but was:<true>
at junit.framework.Assert.fail(Assert.java:47)
at junit.framework.Assert.failNotEquals(Assert.java:282)
at junit.framework.Assert.assertEquals(Assert.java:64)
at junit.framework.Assert.assertEquals(Assert.java:149)
at junit.framework.Assert.assertEquals(Assert.java:155)
at testng.Failedtestcaseexecution.login(Failedtestcaseexecution.java:12)
at java.base/java.util.ArrayList.forEach(ArrayList.java:1511)
... Removed 27 stack frames]]>
    </failure>
  </testcase> <!-- login -->
  <testcase classname="testng.Failedtestcaseexecution" name="profile" time="0.0">
    <ignored/>
  </testcase> <!-- profile -->
  <testcase classname="testng.Failedtestcaseexecution" name="logout" time="0.0">
    <ignored/>
  </testcase> <!-- logout -->
  <testcase classname="testng.Failedtestcaseexecution" name="dashBoard" time="0.0">
    <ignored/>
  </testcase> <!-- dashBoard -->
</testsuite> <!-- Default test(failed) -->
