<?xml version="1.0" encoding="UTF-8"?>
<!-- Generated by org.testng.reporters.JUnitXMLReporter -->
<testsuite ignored="0" hostname="DESKTOP-7UNT7J4" failures="2" tests="5" name="Listener Test" time="0.109" errors="0" timestamp="2022-07-11T01:21:53 IST">
  <testcase classname="listener.TestNGTestClassForListeners" name="login" time="0.016">
    <failure type="java.lang.AssertionError" message="expected [true] but found [false]">
      <![CDATA[java.lang.AssertionError: expected [true] but found [false]
at listener.TestNGTestClassForListeners.login(TestNGTestClassForListeners.java:13)
at java.base/java.util.ArrayList.forEach(ArrayList.java:1511)
... Removed 31 stack frames]]>
    </failure>
  </testcase> <!-- login -->
  <testcase classname="listener.TestNGTestClassForListeners" name="dashBoard" time="0.001"/>
  <testcase classname="listener.TestNGTestClassForListeners" name="logout" time="0.002">
    <failure type="java.lang.AssertionError" message="expected [true] but found [false]">
      <![CDATA[java.lang.AssertionError: expected [true] but found [false]
at listener.TestNGTestClassForListeners.logout(TestNGTestClassForListeners.java:39)
at java.base/java.util.ArrayList.forEach(ArrayList.java:1511)
... Removed 33 stack frames]]>
    </failure>
  </testcase> <!-- logout -->
  <testcase classname="listener.TestNGTestClassForListeners" name="profile" time="0.001"/>
  <testcase classname="listener.TestNGTestClassForListeners" name="home" time="0.0">
    <skipped/>
  </testcase> <!-- home -->
</testsuite> <!-- Listener Test -->
