<?xml version="1.0" encoding="UTF-8"?>
<!-- Generated by org.testng.reporters.JUnitXMLReporter -->
<testsuite ignored="0" hostname="DESKTOP-7UNT7J4" failures="1" tests="2" name="Test" time="9.029" errors="0" timestamp="2022-07-11T14:45:29 IST">
  <testcase classname="listener.ParameterizationOfTestCase" name="navToApp" time="7.378"/>
  <testcase classname="listener.ParameterizationOfTestCase" name="loginToApp" time="1.595">
    <failure type="java.lang.AssertionError" message="expected [false] but found [true]">
      <![CDATA[java.lang.AssertionError: expected [false] but found [true]
at listener.ParameterizationOfTestCase.loginToApp(ParameterizationOfTestCase.java:52)
at java.base/java.util.ArrayList.forEach(ArrayList.java:1511)
... Removed 33 stack frames]]>
    </failure>
  </testcase> <!-- loginToApp -->
</testsuite> <!-- Test -->
