<?xml version="1.0" encoding="UTF-8"?>
<!-- Generated by org.testng.reporters.JUnitXMLReporter -->
<testsuite ignored="3" hostname="DESKTOP-7UNT7J4" failures="0" tests="1" name="Default test(failed)(failed)" time="0.101" errors="0" timestamp="2022-07-06T18:20:23 IST">
  <testcase classname="testng.Failedtestcaseexecution" name="login" time="0.019"/>
  <testcase classname="testng.Failedtestcaseexecution" name="profile" time="0.0">
    <ignored/>
  </testcase> <!-- profile -->
  <testcase classname="testng.Failedtestcaseexecution" name="logout" time="0.0">
    <ignored/>
  </testcase> <!-- logout -->
  <testcase classname="testng.Failedtestcaseexecution" name="dashBoard" time="0.0">
    <ignored/>
  </testcase> <!-- dashBoard -->
</testsuite> <!-- Default test(failed)(failed) -->
